2020-12-09T01:52:12+00:00 CRITICAL Uncaught Error: Call to undefined function pll_e() in C:\xampp\htdocs\CargoBikeTest\wp-content\themes\btw_underscore\page-produkte.php:152
Stack trace:
#0 C:\xampp\htdocs\CargoBikeTest\wp-includes\template-loader.php(106): include()
#1 C:\xampp\htdocs\CargoBikeTest\wp-blog-header.php(19): require_once('C:\\xampp\\htdocs...')
#2 C:\xampp\htdocs\CargoBikeTest\index.php(17): require('C:\\xampp\\htdocs...')
#3 {main}
  thrown in C:\xampp\htdocs\CargoBikeTest\wp-content\themes\btw_underscore\page-produkte.php on line 152

2020-12-09T01:53:53+00:00 CRITICAL Uncaught Error: Call to undefined function pll_e() in C:\xampp\htdocs\CargoBikeTest\wp-content\themes\btw_underscore\page-produkte.php:291
Stack trace:
#0 C:\xampp\htdocs\CargoBikeTest\wp-includes\template-loader.php(106): include()
#1 C:\xampp\htdocs\CargoBikeTest\wp-blog-header.php(19): require_once('C:\\xampp\\htdocs...')
#2 C:\xampp\htdocs\CargoBikeTest\index.php(17): require('C:\\xampp\\htdocs...')
#3 {main}
  thrown in C:\xampp\htdocs\CargoBikeTest\wp-content\themes\btw_underscore\page-produkte.php on line 291

2020-12-09T01:55:14+00:00 CRITICAL Uncaught Error: Call to undefined function pll_e() in C:\xampp\htdocs\CargoBikeTest\wp-content\themes\btw_underscore\page-produkte.php:291
Stack trace:
#0 C:\xampp\htdocs\CargoBikeTest\wp-includes\template-loader.php(106): include()
#1 C:\xampp\htdocs\CargoBikeTest\wp-blog-header.php(19): require_once('C:\\xampp\\htdocs...')
#2 C:\xampp\htdocs\CargoBikeTest\index.php(17): require('C:\\xampp\\htdocs...')
#3 {main}
  thrown in C:\xampp\htdocs\CargoBikeTest\wp-content\themes\btw_underscore\page-produkte.php on line 291

2020-12-09T01:55:30+00:00 CRITICAL Uncaught Error: Call to undefined function pll_e() in C:\xampp\htdocs\CargoBikeTest\wp-content\themes\btw_underscore\page-produkte.php:291
Stack trace:
#0 C:\xampp\htdocs\CargoBikeTest\wp-includes\template-loader.php(106): include()
#1 C:\xampp\htdocs\CargoBikeTest\wp-blog-header.php(19): require_once('C:\\xampp\\htdocs...')
#2 C:\xampp\htdocs\CargoBikeTest\index.php(17): require('C:\\xampp\\htdocs...')
#3 {main}
  thrown in C:\xampp\htdocs\CargoBikeTest\wp-content\themes\btw_underscore\page-produkte.php on line 291

2020-12-09T01:57:56+00:00 CRITICAL Uncaught Error: Call to undefined function pll_e() in C:\xampp\htdocs\CargoBikeTest\wp-content\themes\btw_underscore\page-produkte.php:291
Stack trace:
#0 C:\xampp\htdocs\CargoBikeTest\wp-includes\template-loader.php(106): include()
#1 C:\xampp\htdocs\CargoBikeTest\wp-blog-header.php(19): require_once('C:\\xampp\\htdocs...')
#2 C:\xampp\htdocs\CargoBikeTest\index.php(17): require('C:\\xampp\\htdocs...')
#3 {main}
  thrown in C:\xampp\htdocs\CargoBikeTest\wp-content\themes\btw_underscore\page-produkte.php on line 291

2020-12-09T01:59:07+00:00 CRITICAL Uncaught Error: Call to undefined function pll_e() in C:\xampp\htdocs\CargoBikeTest\wp-content\themes\btw_underscore\page-produkte.php:291
Stack trace:
#0 C:\xampp\htdocs\CargoBikeTest\wp-includes\template-loader.php(106): include()
#1 C:\xampp\htdocs\CargoBikeTest\wp-blog-header.php(19): require_once('C:\\xampp\\htdocs...')
#2 C:\xampp\htdocs\CargoBikeTest\index.php(17): require('C:\\xampp\\htdocs...')
#3 {main}
  thrown in C:\xampp\htdocs\CargoBikeTest\wp-content\themes\btw_underscore\page-produkte.php on line 291

2020-12-09T02:00:12+00:00 CRITICAL Uncaught Error: Call to undefined function pll_e() in C:\xampp\htdocs\CargoBikeTest\wp-content\themes\btw_underscore\page-produkte.php:291
Stack trace:
#0 C:\xampp\htdocs\CargoBikeTest\wp-includes\template-loader.php(106): include()
#1 C:\xampp\htdocs\CargoBikeTest\wp-blog-header.php(19): require_once('C:\\xampp\\htdocs...')
#2 C:\xampp\htdocs\CargoBikeTest\index.php(17): require('C:\\xampp\\htdocs...')
#3 {main}
  thrown in C:\xampp\htdocs\CargoBikeTest\wp-content\themes\btw_underscore\page-produkte.php on line 291

2020-12-09T02:07:41+00:00 CRITICAL Uncaught Error: Call to undefined function pll_e() in C:\xampp\htdocs\CargoBikeTest\wp-content\themes\btw_underscore\page-produkte.php:291
Stack trace:
#0 C:\xampp\htdocs\CargoBikeTest\wp-includes\template-loader.php(106): include()
#1 C:\xampp\htdocs\CargoBikeTest\wp-blog-header.php(19): require_once('C:\\xampp\\htdocs...')
#2 C:\xampp\htdocs\CargoBikeTest\index.php(17): require('C:\\xampp\\htdocs...')
#3 {main}
  thrown in C:\xampp\htdocs\CargoBikeTest\wp-content\themes\btw_underscore\page-produkte.php on line 291

2020-12-09T14:20:49+00:00 CRITICAL Uncaught Error: Call to undefined function pll_e() in C:\xampp\htdocs\CargoBikeTest\wp-content\themes\btw_underscore\page-produkte.php:291
Stack trace:
#0 C:\xampp\htdocs\CargoBikeTest\wp-includes\template-loader.php(106): include()
#1 C:\xampp\htdocs\CargoBikeTest\wp-blog-header.php(19): require_once('C:\\xampp\\htdocs...')
#2 C:\xampp\htdocs\CargoBikeTest\index.php(17): require('C:\\xampp\\htdocs...')
#3 {main}
  thrown in C:\xampp\htdocs\CargoBikeTest\wp-content\themes\btw_underscore\page-produkte.php on line 291

2020-12-09T14:22:54+00:00 CRITICAL Uncaught Error: Call to undefined function pll_e() in C:\xampp\htdocs\CargoBikeTest\wp-content\themes\btw_underscore\page-produkte.php:291
Stack trace:
#0 C:\xampp\htdocs\CargoBikeTest\wp-includes\template-loader.php(106): include()
#1 C:\xampp\htdocs\CargoBikeTest\wp-blog-header.php(19): require_once('C:\\xampp\\htdocs...')
#2 C:\xampp\htdocs\CargoBikeTest\index.php(17): require('C:\\xampp\\htdocs...')
#3 {main}
  thrown in C:\xampp\htdocs\CargoBikeTest\wp-content\themes\btw_underscore\page-produkte.php on line 291

2020-12-09T14:24:33+00:00 CRITICAL Uncaught Error: Call to undefined function pll_e() in C:\xampp\htdocs\CargoBikeTest\wp-content\themes\btw_underscore\page-produkte.php:291
Stack trace:
#0 C:\xampp\htdocs\CargoBikeTest\wp-includes\template-loader.php(106): include()
#1 C:\xampp\htdocs\CargoBikeTest\wp-blog-header.php(19): require_once('C:\\xampp\\htdocs...')
#2 C:\xampp\htdocs\CargoBikeTest\index.php(17): require('C:\\xampp\\htdocs...')
#3 {main}
  thrown in C:\xampp\htdocs\CargoBikeTest\wp-content\themes\btw_underscore\page-produkte.php on line 291

2020-12-09T14:27:28+00:00 CRITICAL Uncaught Error: Call to undefined function pll_e() in C:\xampp\htdocs\CargoBikeTest\wp-content\themes\btw_underscore\page-produkte.php:291
Stack trace:
#0 C:\xampp\htdocs\CargoBikeTest\wp-includes\template-loader.php(106): include()
#1 C:\xampp\htdocs\CargoBikeTest\wp-blog-header.php(19): require_once('C:\\xampp\\htdocs...')
#2 C:\xampp\htdocs\CargoBikeTest\index.php(17): require('C:\\xampp\\htdocs...')
#3 {main}
  thrown in C:\xampp\htdocs\CargoBikeTest\wp-content\themes\btw_underscore\page-produkte.php on line 291

2020-12-09T14:30:02+00:00 CRITICAL Uncaught Error: Call to undefined function pll_e() in C:\xampp\htdocs\CargoBikeTest\wp-content\themes\btw_underscore\page-produkte.php:291
Stack trace:
#0 C:\xampp\htdocs\CargoBikeTest\wp-includes\template-loader.php(106): include()
#1 C:\xampp\htdocs\CargoBikeTest\wp-blog-header.php(19): require_once('C:\\xampp\\htdocs...')
#2 C:\xampp\htdocs\CargoBikeTest\index.php(17): require('C:\\xampp\\htdocs...')
#3 {main}
  thrown in C:\xampp\htdocs\CargoBikeTest\wp-content\themes\btw_underscore\page-produkte.php on line 291

2020-12-09T14:40:05+00:00 CRITICAL Uncaught Error: Call to undefined function pll_e() in C:\xampp\htdocs\CargoBikeTest\wp-content\themes\btw_underscore\page-produkte.php:291
Stack trace:
#0 C:\xampp\htdocs\CargoBikeTest\wp-includes\template-loader.php(106): include()
#1 C:\xampp\htdocs\CargoBikeTest\wp-blog-header.php(19): require_once('C:\\xampp\\htdocs...')
#2 C:\xampp\htdocs\CargoBikeTest\index.php(17): require('C:\\xampp\\htdocs...')
#3 {main}
  thrown in C:\xampp\htdocs\CargoBikeTest\wp-content\themes\btw_underscore\page-produkte.php on line 291

2020-12-09T14:48:23+00:00 CRITICAL Uncaught Error: Call to undefined function pll_e() in C:\xampp\htdocs\CargoBikeTest\wp-content\themes\btw_underscore\page-produkte.php:291
Stack trace:
#0 C:\xampp\htdocs\CargoBikeTest\wp-includes\template-loader.php(106): include()
#1 C:\xampp\htdocs\CargoBikeTest\wp-blog-header.php(19): require_once('C:\\xampp\\htdocs...')
#2 C:\xampp\htdocs\CargoBikeTest\index.php(17): require('C:\\xampp\\htdocs...')
#3 {main}
  thrown in C:\xampp\htdocs\CargoBikeTest\wp-content\themes\btw_underscore\page-produkte.php on line 291

2020-12-09T14:51:01+00:00 CRITICAL Uncaught Error: Call to undefined function pll_e() in C:\xampp\htdocs\CargoBikeTest\wp-content\themes\btw_underscore\page-produkte.php:291
Stack trace:
#0 C:\xampp\htdocs\CargoBikeTest\wp-includes\template-loader.php(106): include()
#1 C:\xampp\htdocs\CargoBikeTest\wp-blog-header.php(19): require_once('C:\\xampp\\htdocs...')
#2 C:\xampp\htdocs\CargoBikeTest\index.php(17): require('C:\\xampp\\htdocs...')
#3 {main}
  thrown in C:\xampp\htdocs\CargoBikeTest\wp-content\themes\btw_underscore\page-produkte.php on line 291

2020-12-09T14:52:13+00:00 CRITICAL Uncaught Error: Call to undefined function pll_e() in C:\xampp\htdocs\CargoBikeTest\wp-content\themes\btw_underscore\page-produkte.php:291
Stack trace:
#0 C:\xampp\htdocs\CargoBikeTest\wp-includes\template-loader.php(106): include()
#1 C:\xampp\htdocs\CargoBikeTest\wp-blog-header.php(19): require_once('C:\\xampp\\htdocs...')
#2 C:\xampp\htdocs\CargoBikeTest\index.php(17): require('C:\\xampp\\htdocs...')
#3 {main}
  thrown in C:\xampp\htdocs\CargoBikeTest\wp-content\themes\btw_underscore\page-produkte.php on line 291

2020-12-09T14:56:06+00:00 CRITICAL Uncaught Error: Call to undefined function pll_e() in C:\xampp\htdocs\CargoBikeTest\wp-content\themes\btw_underscore\page-produkte.php:291
Stack trace:
#0 C:\xampp\htdocs\CargoBikeTest\wp-includes\template-loader.php(106): include()
#1 C:\xampp\htdocs\CargoBikeTest\wp-blog-header.php(19): require_once('C:\\xampp\\htdocs...')
#2 C:\xampp\htdocs\CargoBikeTest\index.php(17): require('C:\\xampp\\htdocs...')
#3 {main}
  thrown in C:\xampp\htdocs\CargoBikeTest\wp-content\themes\btw_underscore\page-produkte.php on line 291

2020-12-09T14:56:30+00:00 CRITICAL Uncaught Error: Call to undefined function pll_e() in C:\xampp\htdocs\CargoBikeTest\wp-content\themes\btw_underscore\page-produkte.php:291
Stack trace:
#0 C:\xampp\htdocs\CargoBikeTest\wp-includes\template-loader.php(106): include()
#1 C:\xampp\htdocs\CargoBikeTest\wp-blog-header.php(19): require_once('C:\\xampp\\htdocs...')
#2 C:\xampp\htdocs\CargoBikeTest\index.php(17): require('C:\\xampp\\htdocs...')
#3 {main}
  thrown in C:\xampp\htdocs\CargoBikeTest\wp-content\themes\btw_underscore\page-produkte.php on line 291

2020-12-09T14:57:14+00:00 CRITICAL Uncaught Error: Call to undefined function pll_e() in C:\xampp\htdocs\CargoBikeTest\wp-content\themes\btw_underscore\page-produkte.php:291
Stack trace:
#0 C:\xampp\htdocs\CargoBikeTest\wp-includes\template-loader.php(106): include()
#1 C:\xampp\htdocs\CargoBikeTest\wp-blog-header.php(19): require_once('C:\\xampp\\htdocs...')
#2 C:\xampp\htdocs\CargoBikeTest\index.php(17): require('C:\\xampp\\htdocs...')
#3 {main}
  thrown in C:\xampp\htdocs\CargoBikeTest\wp-content\themes\btw_underscore\page-produkte.php on line 291

2020-12-09T14:57:20+00:00 CRITICAL Uncaught Error: Call to undefined function pll_e() in C:\xampp\htdocs\CargoBikeTest\wp-content\themes\btw_underscore\page-produkte.php:291
Stack trace:
#0 C:\xampp\htdocs\CargoBikeTest\wp-includes\template-loader.php(106): include()
#1 C:\xampp\htdocs\CargoBikeTest\wp-blog-header.php(19): require_once('C:\\xampp\\htdocs...')
#2 C:\xampp\htdocs\CargoBikeTest\index.php(17): require('C:\\xampp\\htdocs...')
#3 {main}
  thrown in C:\xampp\htdocs\CargoBikeTest\wp-content\themes\btw_underscore\page-produkte.php on line 291

