2020-12-03T16:31:52+00:00 ERROR Error getting remote inbox notification data feed
2020-12-03T16:31:52+00:00 ERROR WP_Error Object
(
    [errors] => Array
        (
            [http_request_failed] => Array
                (
                    [0] => cURL error 28: Resolving timed out after 5001 milliseconds
                )

        )

    [error_data] => Array
        (
        )

)

2020-12-03T16:31:57+00:00 ERROR Error getting remote inbox notification data feed
2020-12-03T16:31:57+00:00 ERROR WP_Error Object
(
    [errors] => Array
        (
            [http_request_failed] => Array
                (
                    [0] => cURL error 28: Resolving timed out after 5001 milliseconds
                )

        )

    [error_data] => Array
        (
        )

)

